Build started 2016-11-28 12:16:20 AM.
     1>Project "c:\Users\George\documents\visual studio 2013\Projects\Chapter2\Chapter2\Chapter2.vcxproj" on node 2 (Build target(s)).
     1>ClCompile:
         C:\Program Files (x86)\Microsoft Visual Studio 12.0\VC\bin\CL.exe /c /ZI /nologo /W3 /WX- /sdl /Od /Oy- /D WIN32 /D _DEBUG /D _CONSOLE /D _LIB /D _UNICODE /D UNICODE /Gm /EHsc /RTC1 /MDd /GS /fp:precise /Zc:wchar_t /Zc:forScope /Fo"Debug\\" /Fd"Debug\vc120.pdb" /Gd /TP /analyze- /errorReport:prompt Source.cpp Source1.cpp
         Source1.cpp
         Source.cpp
         Generating Code...
       Link:
         C:\Program Files (x86)\Microsoft Visual Studio 12.0\VC\bin\link.exe /ERRORREPORT:PROMPT /OUT:"c:\users\george\documents\visual studio 2013\Projects\Chapter2\Debug\Chapter2.exe" /INCREMENTAL /NOLOGO kernel32.lib user32.lib gdi32.lib winspool.lib comdlg32.lib advapi32.lib shell32.lib ole32.lib oleaut32.lib uuid.lib odbc32.lib odbccp32.lib /MANIFEST /MANIFESTUAC:"level='asInvoker' uiAccess='false'" /manifest:embed /DEBUG /PDB:"c:\users\george\documents\visual studio 2013\Projects\Chapter2\Debug\Chapter2.pdb" /SUBSYSTEM:CONSOLE /TLBID:1 /DYNAMICBASE /NXCOMPAT /IMPLIB:"c:\users\george\documents\visual studio 2013\Projects\Chapter2\Debug\Chapter2.lib" /MACHINE:X86 Debug\Source.obj
         Debug\Source1.obj
     1>Source1.obj : error LNK2005: _main already defined in Source.obj
     1>c:\users\george\documents\visual studio 2013\Projects\Chapter2\Debug\Chapter2.exe : fatal error LNK1169: one or more multiply defined symbols found
     1>Done Building Project "c:\Users\George\documents\visual studio 2013\Projects\Chapter2\Chapter2\Chapter2.vcxproj" (Build target(s)) -- FAILED.

Build FAILED.

Time Elapsed 00:00:01.33
