Build started 2016-11-28 12:23:59 AM.
     1>Project "c:\Users\George\documents\visual studio 2013\Projects\Chapter3Error\Chapter3Error\Chapter3Error.vcxproj" on node 2 (Build target(s)).
     1>ClCompile:
         C:\Program Files (x86)\Microsoft Visual Studio 12.0\VC\bin\CL.exe /c /ZI /nologo /W3 /WX- /sdl /Od /Oy- /D WIN32 /D _DEBUG /D _CONSOLE /D _LIB /D _UNICODE /D UNICODE /Gm /EHsc /RTC1 /MDd /GS /fp:precise /Zc:wchar_t /Zc:forScope /Fo"Debug\\" /Fd"Debug\vc120.pdb" /Gd /TP /analyze- /errorReport:prompt Source.cpp
         Source.cpp
     1>c:\users\george\documents\visual studio 2013\projects\chapter3error\chapter3error\source.cpp(4): error C2065: 'STRING' : undeclared identifier
     1>c:\users\george\documents\visual studio 2013\projects\chapter3error\chapter3error\source.cpp(4): error C2146: syntax error : missing ';' before identifier 's'
     1>c:\users\george\documents\visual studio 2013\projects\chapter3error\chapter3error\source.cpp(4): error C2065: 's' : undeclared identifier
     1>c:\users\george\documents\visual studio 2013\projects\chapter3error\chapter3error\source.cpp(5): error C2065: 'cOut' : undeclared identifier
     1>c:\users\george\documents\visual studio 2013\projects\chapter3error\chapter3error\source.cpp(5): error C2065: 'S' : undeclared identifier
     1>Done Building Project "c:\Users\George\documents\visual studio 2013\Projects\Chapter3Error\Chapter3Error\Chapter3Error.vcxproj" (Build target(s)) -- FAILED.

Build FAILED.

Time Elapsed 00:00:00.45
